Determining if the pthread_create exist failed with the following output:
Change Dir: /home/nasim_shafiee/catkin_ws_1/build/CMakeFiles/CMakeTmp

Run Build Command:/usr/bin/make "cmTryCompileExec2878824153/fast"
/usr/bin/make -f CMakeFiles/cmTryCompileExec2878824153.dir/build.make CMakeFiles/cmTryCompileExec2878824153.dir/build
make[1]: Entering directory `/home/nasim_shafiee/catkin_ws_1/build/CMakeFiles/CMakeTmp'
/usr/bin/cmake -E cmake_progress_report /home/nasim_shafiee/catkin_ws_1/build/CMakeFiles/CMakeTmp/CMakeFiles 1
Building C object CMakeFiles/cmTryCompileExec2878824153.dir/CheckSymbolExists.c.o
/usr/bin/cc    -o CMakeFiles/cmTryCompileExec2878824153.dir/CheckSymbolExists.c.o   -c /home/nasim_shafiee/catkin_ws_1/build/CMakeFiles/CMakeTmp/CheckSymbolExists.c
Linking C executable cmTryCompileExec2878824153
/usr/bin/cmake -E cmake_link_script CMakeFiles/cmTryCompileExec2878824153.dir/link.txt --verbose=1
/usr/bin/cc       CMakeFiles/cmTryCompileExec2878824153.dir/CheckSymbolExists.c.o  -o cmTryCompileExec2878824153 -rdynamic 
CMakeFiles/cmTryCompileExec2878824153.dir/CheckSymbolExists.c.o: In function `main':
CheckSymbolExists.c:(.text+0x16): undefined reference to `pthread_create'
collect2: error: ld returned 1 exit status
make[1]: *** [cmTryCompileExec2878824153] Error 1
make[1]: Leaving directory `/home/nasim_shafiee/catkin_ws_1/build/CMakeFiles/CMakeTmp'
make: *** [cmTryCompileExec2878824153/fast] Error 2

File /home/nasim_shafiee/catkin_ws_1/build/CMakeFiles/CMakeTmp/CheckSymbolExists.c:
/* */
#include <pthread.h>

int main(int argc, char** argv)
{
  (void)argv;
#ifndef pthread_create
  return ((int*)(&pthread_create))[argc];
#else
  (void)argc;
  return 0;
#endif
}

Determining if the function pthread_create exists in the pthreads failed with the following output:
Change Dir: /home/nasim_shafiee/catkin_ws_1/build/CMakeFiles/CMakeTmp

Run Build Command:/usr/bin/make "cmTryCompileExec2121828443/fast"
/usr/bin/make -f CMakeFiles/cmTryCompileExec2121828443.dir/build.make CMakeFiles/cmTryCompileExec2121828443.dir/build
make[1]: Entering directory `/home/nasim_shafiee/catkin_ws_1/build/CMakeFiles/CMakeTmp'
/usr/bin/cmake -E cmake_progress_report /home/nasim_shafiee/catkin_ws_1/build/CMakeFiles/CMakeTmp/CMakeFiles 1
Building C object CMakeFiles/cmTryCompileExec2121828443.dir/CheckFunctionExists.c.o
/usr/bin/cc   -DCHECK_FUNCTION_EXISTS=pthread_create   -o CMakeFiles/cmTryCompileExec2121828443.dir/CheckFunctionExists.c.o   -c /usr/share/cmake-2.8/Modules/CheckFunctionExists.c
Linking C executable cmTryCompileExec2121828443
/usr/bin/cmake -E cmake_link_script CMakeFiles/cmTryCompileExec2121828443.dir/link.txt --verbose=1
/usr/bin/cc   -DCHECK_FUNCTION_EXISTS=pthread_create    CMakeFiles/cmTryCompileExec2121828443.dir/CheckFunctionExists.c.o  -o cmTryCompileExec2121828443 -rdynamic -lpthreads 
/usr/bin/ld: cannot find -lpthreads
collect2: error: ld returned 1 exit status
make[1]: *** [cmTryCompileExec2121828443] Error 1
make[1]: Leaving directory `/home/nasim_shafiee/catkin_ws_1/build/CMakeFiles/CMakeTmp'
make: *** [cmTryCompileExec2121828443/fast] Error 2


